SQL> SET PAGES 200 LINES 200
SQL> SELECT DNAME
  2  FROM DEPT
  3  WHERE DEPTNO IN(SELECT DEPTNO
  4                  FROM EMP
  5                  WHERE  ENAME='SMITH');

DNAME                                                                                                                                                                                                   
--------------                                                                                                                                                                                          
RESEARCH                                                                                                                                                                                                
----------------------------------------------------------------------------------------------------------------------------
SQL> SELECT DNAME,LOC
  2  FROM DEPT
  3  WHERE DEPTNO IN(SELECT DEPTNO
  4                 FROM EMP
  5                 WHERE ENAME='KING');

DNAME          LOC                                                                                                                                                                                      
-------------- -------------                                                                                                                                                                            
ACCOUNTING     NEW YORK                                                                                                                                                                                 
----------------------------------------------------------------------------------------------------------------------------
SQL> 

  1  SELECT LOC
  2  FROM DEPT
  3  WHERE DEPTNO IN(SELECT DEPTNO
  4                  FROM EMP
  5                 WHERE EMPNO=7902)


LOC                                                                                                                                                                                                     
-------------                                                                                                                                                                                           
DALLAS                                                                                                                                                                                                  
------------------------------------------------------------------------------------------------------------------------------
SQL> SELECT DNAME,LOC
  2  FROM DEPT
  3  WHERE DEPTNO IN(SELECT DEPTNO
  4                 FROM EMP
  5                 WHERE ENAME LIKE '%R');

DNAME          LOC                                                                                                                                                                                      
-------------- -------------                                                                                                                                                                            
ACCOUNTING     NEW YORK                                                                                                                                                                                 
SALES          CHICAGO                                                                                                                                                                                  
--------------------------------------------------------------------------------------------------------------------------------
SQL> SELECT DNAME
  2  FROM DEPT
  3  WHERE DEPTNO IN(SELECT DEPTNO
  4                  FROM EMP
  5                  WHERE JOB='PRESIDENT');

DNAME                                                                                                                                                                                                   
--------------                                                                                                                                                                                          
ACCOUNTING                                                                                                                                                                                              
----------------------------------------------------------------------------------------------------------------------------------
SQL> SELECT ENAME
  2  FROM EMP
  3  WHERE DEPTNO IN(SELECT DEPTNO
  4                  FROM DEPT
  5                  WHERE DNAME = 'ACCOUNTING');

ENAME                                                                                                                                                                                                   
----------                                                                                                                                                                                              
CLARK                                                                                                                                                                                                   
KING                                                                                                                                                                                                    
MILLER                                                                                                                                                                                                  
------------------------------------------------------------------------------------------------------------------------------------
SQL> SELECT ENAME,SAL
  2  FROM EMP
  3  WHERE DEPTNO IN(SELECT DEPTNO
  4                 FROM DEPT
  5                 WHERE LOC ='CHICAGO');

ENAME             SAL                                                                                                                                                                                   
---------- ----------                                                                                                                                                                                   
ALLEN            1600                                                                                                                                                                                   
WARD             1250                                                                                                                                                                                   
MARTIN           1250                                                                                                                                                                                   
BLAKE            2850                                                                                                                                                                                   
TURNER           1500                                                                                                                                                                                   
JAMES             950                                                                                                                                                                                   
6 rows selected.
----------------------------------------------------------------------------------------------------------------------------------------
SQL> SELECT *
  2  FROM EMP
  3  WHERE DEPTNO IN(SELECT DEPTNO
  4                  FROM DEPT
  5                  WHERE JOB='SALES');

no rows selected

------------------------------------------------------------------------------------------------------------------------------------------
SQL> SELECT EMP.*,SAL*12
  2  FROM EMP
  3  WHERE DEPTNO IN(SELECT DEPTNO
  4                 FROM DEPT
  5                 WHERE LOC = 'NEW YORK');

     EMPNO ENAME      JOB              MGR HIREDATE         SAL       COMM     DEPTNO     SAL*12                                                                                                        
---------- ---------- --------- ---------- --------- ---------- ---------- ---------- ----------                                                                                                        
      7782 CLARK      MANAGER         7839 09-JUN-81       2450                    10      29400                                                                                                        
      7839 KING       PRESIDENT            17-NOV-81       5000                    10      60000                                                                                                        
      7934 MILLER     CLERK           7782 23-JAN-82       1300                    10      15600                                                                                                        
--------------------------------------------------------------------------------------------------------------------------------------------
SQL> SELECT ENAME
  2  FROM EMP
  3  WHERE DEPTNO IN(SELECT DEPTNO
  4                 FROM DEPT
  5                 WHERE DNAME='OPERATIONS');

no rows selected
---------------------------------------------------------------------------------------------------------------------------------------------
SQL> SPOOL OFF
